#
# There is insufficient memory for the Java Runtime Environment to continue.
# Native memory allocation (malloc) failed to allocate 1139792 bytes for Chunk::new
# Possible reasons:
#   The system is out of physical RAM or swap space
#   The process is running with CompressedOops enabled, and the Java Heap may be blocking the growth of the native heap
# Possible solutions:
#   Reduce memory load on the system
#   Increase physical memory or swap space
#   Check if swap backing store is full
#   Decrease Java heap size (-Xmx/-Xms)
#   Decrease number of Java threads
#   Decrease Java thread stack sizes (-Xss)
#   Set larger code cache with -XX:ReservedCodeCacheSize=
#   JVM is running with Unscaled Compressed Oops mode in which the Java heap is
#     placed in the first 4GB address space. The Java Heap base address is the
#     maximum limit for the native heap growth. Please use -XX:HeapBaseMinAddress
#     to set the Java Heap base and to place the Java Heap above 4GB virtual address.
# This output file may be truncated or incomplete.
#
#  Out of Memory Error (arena.cpp:189), pid=5448, tid=8684
#
# JRE version: OpenJDK Runtime Environment Temurin-17.0.6+10 (17.0.6+10) (build 17.0.6+10)
# Java VM: OpenJDK 64-Bit Server VM Temurin-17.0.6+10 (17.0.6+10, mixed mode, tiered, compressed oops, compressed class ptrs, parallel gc, windows-amd64)
# No core dump will be written. Minidumps are not enabled by default on client versions of Windows
#

---------------  S U M M A R Y ------------

Command Line: --add-modules=ALL-SYSTEM --add-opens=java.base/java.util=ALL-UNNAMED --add-opens=java.base/java.lang=ALL-UNNAMED --add-opens=java.base/sun.nio.fs=ALL-UNNAMED -Declipse.application=org.eclipse.jdt.ls.core.id1 -Dosgi.bundles.defaultStartLevel=4 -Declipse.product=org.eclipse.jdt.ls.core.product -Djava.import.generatesMetadataFilesAtProjectRoot=false -Dfile.encoding=utf8 -XX:+UseParallelGC -XX:GCTimeRatio=4 -XX:AdaptiveSizePolicyWeight=90 -Dsun.zip.disableMemoryMapping=true -Xmx1G -Xms100m -Xlog:disable -javaagent:c:\Users\admin\.vscode\extensions\redhat.java-1.16.0-win32-x64\lombok\lombok-1.18.24.jar -XX:+HeapDumpOnOutOfMemoryError -XX:HeapDumpPath=c:\Users\admin\AppData\Roaming\Code\User\workspaceStorage\6f5dfa2300879834486fedabf988c36a\redhat.java c:\Users\admin\.vscode\extensions\redhat.java-1.16.0-win32-x64\server\plugins\org.eclipse.equinox.launcher_1.6.400.v20210924-0641.jar -configuration c:\Users\admin\AppData\Roaming\Code\User\globalStorage\redhat.java\1.16.0\config_win -data c:\Users\admin\AppData\Roaming\Code\User\workspaceStorage\6f5dfa2300879834486fedabf988c36a\redhat.java\jdt_ws

Host: Intel(R) Core(TM) i3-8130U CPU @ 2.20GHz, 4 cores, 7G,  Windows 10 , 64 bit Build 19041 (10.0.19041.2546)
Time: Tue Apr 11 14:38:58 2023 SE Asia Standard Time elapsed time: 5.935967 seconds (0d 0h 0m 5s)

---------------  T H R E A D  ---------------

Current thread (0x000001d51a4eee60):  JavaThread "C2 CompilerThread0" daemon [_thread_in_native, id=8684, stack(0x0000004c08100000,0x0000004c08200000)]


Current CompileTask:
C2:   5936 3132       4       jdk.internal.org.objectweb.asm.Frame::execute (2318 bytes)

Stack: [0x0000004c08100000,0x0000004c08200000]
Native frames: (J=compiled Java code, j=interpreted, Vv=VM code, C=native code)
V  [jvm.dll+0x67741a]
V  [jvm.dll+0x834434]
V  [jvm.dll+0x835bde]
V  [jvm.dll+0x836243]
V  [jvm.dll+0x2457b5]
V  [jvm.dll+0xabafc]
V  [jvm.dll+0xac0cc]
V  [jvm.dll+0x3634e7]
V  [jvm.dll+0x1bbd68]
V  [jvm.dll+0x218749]
V  [jvm.dll+0x217a11]
V  [jvm.dll+0x1a3d0d]
V  [jvm.dll+0x22742a]
V  [jvm.dll+0x225565]
V  [jvm.dll+0x7ea2cb]
V  [jvm.dll+0x7e483a]
V  [jvm.dll+0x6762c5]
C  [ucrtbase.dll+0x21bb2]
C  [KERNEL32.DLL+0x17614]
C  [ntdll.dll+0x526a1]


---------------  P R O C E S S  ---------------

Threads class SMR info:
_java_thread_list=0x000001d520fbd120, length=26, elements={
0x000001d5066a1230, 0x000001d51a4be740, 0x000001d51a4bf480, 0x000001d51a4ea670,
0x000001d51a4ed040, 0x000001d51a4ed900, 0x000001d51a4ee1c0, 0x000001d51a4eee60,
0x000001d51bf03940, 0x000001d51bf06600, 0x000001d50675e210, 0x000001d51c0eee00,
0x000001d51c9998c0, 0x000001d51cadc380, 0x000001d51d64e860, 0x000001d51d76eda0,
0x000001d51d557020, 0x000001d51d9016d0, 0x000001d51d9fa460, 0x000001d51c946a50,
0x000001d51dffde60, 0x000001d51c944d70, 0x000001d51c943f00, 0x000001d51c9473f0,
0x000001d51c9478c0, 0x000001d51c946580
}

Java Threads: ( => current thread )
  0x000001d5066a1230 JavaThread "main" [_thread_in_vm, id=9732, stack(0x0000004c07800000,0x0000004c07900000)] _threads_hazard_ptr=0x000001d520fbd120
  0x000001d51a4be740 JavaThread "Reference Handler" daemon [_thread_blocked, id=8832, stack(0x0000004c07b00000,0x0000004c07c00000)]
  0x000001d51a4bf480 JavaThread "Finalizer" daemon [_thread_blocked, id=9160, stack(0x0000004c07c00000,0x0000004c07d00000)]
  0x000001d51a4ea670 JavaThread "Signal Dispatcher" daemon [_thread_blocked, id=10168, stack(0x0000004c07d00000,0x0000004c07e00000)]
  0x000001d51a4ed040 JavaThread "Attach Listener" daemon [_thread_blocked, id=852, stack(0x0000004c07e00000,0x0000004c07f00000)]
  0x000001d51a4ed900 JavaThread "Service Thread" daemon [_thread_blocked, id=7596, stack(0x0000004c07f00000,0x0000004c08000000)]
  0x000001d51a4ee1c0 JavaThread "Monitor Deflation Thread" daemon [_thread_blocked, id=8968, stack(0x0000004c08000000,0x0000004c08100000)]
=>0x000001d51a4eee60 JavaThread "C2 CompilerThread0" daemon [_thread_in_native, id=8684, stack(0x0000004c08100000,0x0000004c08200000)]
  0x000001d51bf03940 JavaThread "C1 CompilerThread0" daemon [_thread_blocked, id=9488, stack(0x0000004c08200000,0x0000004c08300000)]
  0x000001d51bf06600 JavaThread "Sweeper thread" daemon [_thread_blocked, id=9824, stack(0x0000004c08300000,0x0000004c08400000)]
  0x000001d50675e210 JavaThread "Common-Cleaner" daemon [_thread_blocked, id=4568, stack(0x0000004c08400000,0x0000004c08500000)]
  0x000001d51c0eee00 JavaThread "Notification Thread" daemon [_thread_blocked, id=10940, stack(0x0000004c08500000,0x0000004c08600000)]
  0x000001d51c9998c0 JavaThread "Active Thread: Equinox Container: 75bad225-ea81-4912-8dd4-72822b1a251a" [_thread_blocked, id=3808, stack(0x0000004c08b00000,0x0000004c08c00000)]
  0x000001d51cadc380 JavaThread "Framework Event Dispatcher: Equinox Container: 75bad225-ea81-4912-8dd4-72822b1a251a" daemon [_thread_blocked, id=8444, stack(0x0000004c08c00000,0x0000004c08d00000)]
  0x000001d51d64e860 JavaThread "Start Level: Equinox Container: 75bad225-ea81-4912-8dd4-72822b1a251a" daemon [_thread_blocked, id=4660, stack(0x0000004c08d00000,0x0000004c08e00000)]
  0x000001d51d76eda0 JavaThread "SCR Component Actor" daemon [_thread_blocked, id=9512, stack(0x0000004c08e00000,0x0000004c08f00000)]
  0x000001d51d557020 JavaThread "SCR Component Registry" daemon [_thread_blocked, id=1896, stack(0x0000004c08f00000,0x0000004c09000000)]
  0x000001d51d9016d0 JavaThread "Worker-JM" [_thread_blocked, id=7112, stack(0x0000004c08a00000,0x0000004c08b00000)]
  0x000001d51d9fa460 JavaThread "Worker-0: Updating Maven Dependencies" [_thread_in_Java, id=4208, stack(0x0000004c09000000,0x0000004c09100000)]
  0x000001d51c946a50 JavaThread "Worker-1: Repository registry initialization" [_thread_blocked, id=4472, stack(0x0000004c09100000,0x0000004c09200000)]
  0x000001d51dffde60 JavaThread "C2 CompilerThread1" daemon [_thread_in_native, id=5104, stack(0x0000004c09200000,0x0000004c09300000)]
  0x000001d51c944d70 JavaThread "Java indexing" daemon [_thread_blocked, id=9136, stack(0x0000004c09300000,0x0000004c09400000)]
  0x000001d51c943f00 JavaThread "Worker-2" [_thread_blocked, id=9920, stack(0x0000004c09400000,0x0000004c09500000)]
  0x000001d51c9473f0 JavaThread "Worker-3" [_thread_blocked, id=4564, stack(0x0000004c09500000,0x0000004c09600000)]
  0x000001d51c9478c0 JavaThread "JNA Cleaner" daemon [_thread_blocked, id=3160, stack(0x0000004c09600000,0x0000004c09700000)]
  0x000001d51c946580 JavaThread "pool-2-thread-1" [_thread_blocked, id=10272, stack(0x0000004c09700000,0x0000004c09800000)]

Other Threads:
  0x000001d51a4a7820 VMThread "VM Thread" [stack: 0x0000004c07a00000,0x0000004c07b00000] [id=3424]
  0x000001d51c1b53f0 WatcherThread [stack: 0x0000004c08600000,0x0000004c08700000] [id=10132]
  0x000001d5066b7f50 GCTaskThread "GC Thread#0" [stack: 0x0000004c07900000,0x0000004c07a00000] [id=1620]
  0x000001d51c901140 GCTaskThread "GC Thread#1" [stack: 0x0000004c08700000,0x0000004c08800000] [id=6220]
  0x000001d51c869e20 GCTaskThread "GC Thread#2" [stack: 0x0000004c08800000,0x0000004c08900000] [id=4416]
  0x000001d51c86a0d0 GCTaskThread "GC Thread#3" [stack: 0x0000004c08900000,0x0000004c08a00000] [id=6248]

Threads with active compile tasks:
C2 CompilerThread0     5976 3132       4       jdk.internal.org.objectweb.asm.Frame::execute (2318 bytes)
C2 CompilerThread1     5976 3190   !   4       org.eclipse.osgi.internal.loader.classpath.ClasspathManager::findClassImpl (308 bytes)

VM state: not at safepoint (normal execution)

VM Mutex/Monitor currently owned by a thread: None

Heap address: 0x00000000c0000000, size: 1024 MB, Compressed Oops mode: 32-bit

CDS archive(s) not mapped
Compressed class space mapped at: 0x0000000100000000-0x0000000140000000, reserved size: 1073741824
Narrow klass base: 0x0000000000000000, Narrow klass shift: 3, Narrow klass range: 0x140000000

GC Precious Log:
 CPUs: 4 total, 4 available
 Memory: 8071M
 Large Page Support: Disabled
 NUMA Support: Disabled
 Compressed Oops: Enabled (32-bit)
 Alignments: Space 512K, Generation 512K, Heap 2M
 Heap Min Capacity: 100M
 Heap Initial Capacity: 100M
 Heap Max Capacity: 1G
 Pre-touch: Disabled
 Parallel Workers: 4

Heap:
 PSYoungGen      total 25088K, used 19298K [0x00000000eab00000, 0x00000000ec780000, 0x0000000100000000)
  eden space 23552K, 81% used [0x00000000eab00000,0x00000000ebdd8b30,0x00000000ec200000)
  from space 1536K, 0% used [0x00000000ec200000,0x00000000ec200000,0x00000000ec380000)
  to   space 2560K, 0% used [0x00000000ec500000,0x00000000ec500000,0x00000000ec780000)
 ParOldGen       total 68608K, used 11895K [0x00000000c0000000, 0x00000000c4300000, 0x00000000eab00000)
  object space 68608K, 17% used [0x00000000c0000000,0x00000000c0b9dd28,0x00000000c4300000)
 Metaspace       used 37347K, committed 38080K, reserved 1089536K
  class space    used 3900K, committed 4224K, reserved 1048576K

Card table byte_map: [0x000001d506050000,0x000001d506260000] _byte_map_base: 0x000001d505a50000

Marking Bits: (ParMarkBitMap*) 0x00007ffabc553e70
 Begin Bits: [0x000001d518330000, 0x000001d519330000)
 End Bits:   [0x000001d519330000, 0x000001d51a330000)

Polling page: 0x000001d5044b0000

Metaspace:

Usage:
  Non-class:     32.66 MB used.
      Class:      3.81 MB used.
       Both:     36.47 MB used.

Virtual space:
  Non-class space:       40.00 MB reserved,      33.06 MB ( 83%) committed,  5 nodes.
      Class space:        1.00 GB reserved,       4.12 MB ( <1%) committed,  1 nodes.
             Both:        1.04 GB reserved,      37.19 MB (  3%) committed. 

Chunk freelists:
   Non-Class:  2.62 MB
       Class:  3.83 MB
        Both:  6.45 MB

MaxMetaspaceSize: unlimited
CompressedClassSpaceSize: 1.00 GB
Initial GC threshold: 21.00 MB
Current GC threshold: 58.38 MB
CDS: off
MetaspaceReclaimPolicy: balanced
 - commit_granule_bytes: 65536.
 - commit_granule_words: 8192.
 - virtual_space_node_default_size: 1048576.
 - enlarge_chunks_in_place: 1.
 - new_chunks_are_fully_committed: 0.
 - uncommit_free_chunks: 1.
 - use_allocation_guard: 0.
 - handle_deallocations: 1.


Internal statistics:

num_allocs_failed_limit: 6.
num_arena_births: 290.
num_arena_deaths: 14.
num_vsnodes_births: 6.
num_vsnodes_deaths: 0.
num_space_committed: 595.
num_space_uncommitted: 0.
num_chunks_returned_to_freelist: 20.
num_chunks_taken_from_freelist: 1495.
num_chunk_merges: 10.
num_chunk_splits: 954.
num_chunks_enlarged: 627.
num_purges: 2.
num_inconsistent_stats: 0.

CodeHeap 'non-profiled nmethods': size=120000Kb used=1570Kb max_used=1570Kb free=118429Kb
 bounds [0x000001d510e00000, 0x000001d511070000, 0x000001d518330000]
CodeHeap 'profiled nmethods': size=120000Kb used=6830Kb max_used=6830Kb free=113169Kb
 bounds [0x000001d509330000, 0x000001d5099e0000, 0x000001d510860000]
CodeHeap 'non-nmethods': size=5760Kb used=1260Kb max_used=1343Kb free=4499Kb
 bounds [0x000001d510860000, 0x000001d510ad0000, 0x000001d510e00000]
 total_blobs=3849 nmethods=3270 adapters=493
 compilation: enabled
              stopped_count=0, restarted_count=0
 full_count=0

Compilation events (20 events):
Event: 5.868 Thread 0x000001d51bf03940 3267       3       com.google.inject.internal.MoreTypes::canonicalizeKey (57 bytes)
Event: 5.869 Thread 0x000001d51bf03940 nmethod 3267 0x000001d5099d0190 code [0x000001d5099d04a0, 0x000001d5099d1678]
Event: 5.870 Thread 0x000001d51bf03940 3268       3       java.nio.HeapByteBuffer::<init> (23 bytes)
Event: 5.871 Thread 0x000001d51bf03940 nmethod 3268 0x000001d5099d1d10 code [0x000001d5099d1ec0, 0x000001d5099d2048]
Event: 5.888 Thread 0x000001d51bf03940 3269       3       org.eclipse.lsp4j.jsonrpc.services.AnnotationUtil::createMethodInfo (51 bytes)
Event: 5.889 Thread 0x000001d51bf03940 nmethod 3269 0x000001d5099d2110 code [0x000001d5099d2440, 0x000001d5099d3718]
Event: 5.891 Thread 0x000001d51bf03940 3270       3       org.eclipse.lsp4j.jsonrpc.services.AnnotationUtil::isDelegateMethod (77 bytes)
Event: 5.892 Thread 0x000001d51bf03940 nmethod 3270 0x000001d5099d3c90 code [0x000001d5099d3fc0, 0x000001d5099d50c8]
Event: 5.897 Thread 0x000001d51dffde60 nmethod 3184 0x000001d510f83490 code [0x000001d510f83800, 0x000001d510f86518]
Event: 5.898 Thread 0x000001d51dffde60 3190   !   4       org.eclipse.osgi.internal.loader.classpath.ClasspathManager::findClassImpl (308 bytes)
Event: 5.900 Thread 0x000001d51bf03940 3271       3       java.util.Collections$SingletonSet::iterator (8 bytes)
Event: 5.901 Thread 0x000001d51bf03940 nmethod 3271 0x000001d5099d5690 code [0x000001d5099d5840, 0x000001d5099d5ad8]
Event: 5.909 Thread 0x000001d51bf03940 3272       2       org.eclipse.osgi.internal.loader.classpath.ClasspathEntry::findEntry (56 bytes)
Event: 5.909 Thread 0x000001d51bf03940 nmethod 3272 0x000001d5099d5c10 code [0x000001d5099d5e00, 0x000001d5099d60e8]
Event: 5.912 Thread 0x000001d51bf03940 3273       3       com.google.inject.internal.MoreTypes::equals (286 bytes)
Event: 5.913 Thread 0x000001d51bf03940 nmethod 3273 0x000001d5099d6290 code [0x000001d5099d66e0, 0x000001d5099d8ca8]
Event: 5.913 Thread 0x000001d51bf03940 3274       3       com.google.inject.Key::get (12 bytes)
Event: 5.914 Thread 0x000001d51bf03940 nmethod 3274 0x000001d5099d9290 code [0x000001d5099d9480, 0x000001d5099d9948]
Event: 5.923 Thread 0x000001d51bf03940 3275       3       com.google.common.cache.LocalCache::expiresAfterWrite (15 bytes)
Event: 5.923 Thread 0x000001d51bf03940 nmethod 3275 0x000001d5099d9b90 code [0x000001d5099d9d20, 0x000001d5099d9e98]

GC Heap History (20 events):
Event: 2.659 GC heap before
{Heap before GC invocations=2 (full 0):
 PSYoungGen      total 29696K, used 28849K [0x00000000eab00000, 0x00000000ecc00000, 0x0000000100000000)
  eden space 25600K, 100% used [0x00000000eab00000,0x00000000ec400000,0x00000000ec400000)
  from space 4096K, 79% used [0x00000000ec400000,0x00000000ec72c680,0x00000000ec800000)
  to   space 4096K, 0% used [0x00000000ec800000,0x00000000ec800000,0x00000000ecc00000)
 ParOldGen       total 68608K, used 0K [0x00000000c0000000, 0x00000000c4300000, 0x00000000eab00000)
  object space 68608K, 0% used [0x00000000c0000000,0x00000000c0000000,0x00000000c4300000)
 Metaspace       used 15042K, committed 15296K, reserved 1064960K
  class space    used 1520K, committed 1664K, reserved 1048576K
}
Event: 2.665 GC heap after
{Heap after GC invocations=2 (full 0):
 PSYoungGen      total 29696K, used 4077K [0x00000000eab00000, 0x00000000ecc00000, 0x0000000100000000)
  eden space 25600K, 0% used [0x00000000eab00000,0x00000000eab00000,0x00000000ec400000)
  from space 4096K, 99% used [0x00000000ec800000,0x00000000ecbfb708,0x00000000ecc00000)
  to   space 4096K, 0% used [0x00000000ec400000,0x00000000ec400000,0x00000000ec800000)
 ParOldGen       total 68608K, used 1410K [0x00000000c0000000, 0x00000000c4300000, 0x00000000eab00000)
  object space 68608K, 2% used [0x00000000c0000000,0x00000000c0160b80,0x00000000c4300000)
 Metaspace       used 15042K, committed 15296K, reserved 1064960K
  class space    used 1520K, committed 1664K, reserved 1048576K
}
Event: 3.405 GC heap before
{Heap before GC invocations=3 (full 0):
 PSYoungGen      total 29696K, used 29677K [0x00000000eab00000, 0x00000000ecc00000, 0x0000000100000000)
  eden space 25600K, 100% used [0x00000000eab00000,0x00000000ec400000,0x00000000ec400000)
  from space 4096K, 99% used [0x00000000ec800000,0x00000000ecbfb708,0x00000000ecc00000)
  to   space 4096K, 0% used [0x00000000ec400000,0x00000000ec400000,0x00000000ec800000)
 ParOldGen       total 68608K, used 1410K [0x00000000c0000000, 0x00000000c4300000, 0x00000000eab00000)
  object space 68608K, 2% used [0x00000000c0000000,0x00000000c0160b80,0x00000000c4300000)
 Metaspace       used 20020K, committed 20416K, reserved 1073152K
  class space    used 2028K, committed 2176K, reserved 1048576K
}
Event: 3.413 GC heap after
{Heap after GC invocations=3 (full 0):
 PSYoungGen      total 29696K, used 4093K [0x00000000eab00000, 0x00000000ecc00000, 0x0000000100000000)
  eden space 25600K, 0% used [0x00000000eab00000,0x00000000eab00000,0x00000000ec400000)
  from space 4096K, 99% used [0x00000000ec400000,0x00000000ec7ff430,0x00000000ec800000)
  to   space 4096K, 0% used [0x00000000ec800000,0x00000000ec800000,0x00000000ecc00000)
 ParOldGen       total 68608K, used 3708K [0x00000000c0000000, 0x00000000c4300000, 0x00000000eab00000)
  object space 68608K, 5% used [0x00000000c0000000,0x00000000c039f1a8,0x00000000c4300000)
 Metaspace       used 20020K, committed 20416K, reserved 1073152K
  class space    used 2028K, committed 2176K, reserved 1048576K
}
Event: 3.521 GC heap before
{Heap before GC invocations=4 (full 0):
 PSYoungGen      total 29696K, used 10359K [0x00000000eab00000, 0x00000000ecc00000, 0x0000000100000000)
  eden space 25600K, 24% used [0x00000000eab00000,0x00000000eb11ead0,0x00000000ec400000)
  from space 4096K, 99% used [0x00000000ec400000,0x00000000ec7ff430,0x00000000ec800000)
  to   space 4096K, 0% used [0x00000000ec800000,0x00000000ec800000,0x00000000ecc00000)
 ParOldGen       total 68608K, used 3708K [0x00000000c0000000, 0x00000000c4300000, 0x00000000eab00000)
  object space 68608K, 5% used [0x00000000c0000000,0x00000000c039f1a8,0x00000000c4300000)
 Metaspace       used 21143K, committed 21504K, reserved 1073152K
  class space    used 2151K, committed 2304K, reserved 1048576K
}
Event: 3.526 GC heap after
{Heap after GC invocations=4 (full 0):
 PSYoungGen      total 29696K, used 4086K [0x00000000eab00000, 0x00000000ecc00000, 0x0000000100000000)
  eden space 25600K, 0% used [0x00000000eab00000,0x00000000eab00000,0x00000000ec400000)
  from space 4096K, 99% used [0x00000000ec800000,0x00000000ecbfdbe0,0x00000000ecc00000)
  to   space 4096K, 0% used [0x00000000ec400000,0x00000000ec400000,0x00000000ec800000)
 ParOldGen       total 68608K, used 3937K [0x00000000c0000000, 0x00000000c4300000, 0x00000000eab00000)
  object space 68608K, 5% used [0x00000000c0000000,0x00000000c03d86e0,0x00000000c4300000)
 Metaspace       used 21143K, committed 21504K, reserved 1073152K
  class space    used 2151K, committed 2304K, reserved 1048576K
}
Event: 3.526 GC heap before
{Heap before GC invocations=5 (full 1):
 PSYoungGen      total 29696K, used 4086K [0x00000000eab00000, 0x00000000ecc00000, 0x0000000100000000)
  eden space 25600K, 0% used [0x00000000eab00000,0x00000000eab00000,0x00000000ec400000)
  from space 4096K, 99% used [0x00000000ec800000,0x00000000ecbfdbe0,0x00000000ecc00000)
  to   space 4096K, 0% used [0x00000000ec400000,0x00000000ec400000,0x00000000ec800000)
 ParOldGen       total 68608K, used 3937K [0x00000000c0000000, 0x00000000c4300000, 0x00000000eab00000)
  object space 68608K, 5% used [0x00000000c0000000,0x00000000c03d86e0,0x00000000c4300000)
 Metaspace       used 21143K, committed 21504K, reserved 1073152K
  class space    used 2151K, committed 2304K, reserved 1048576K
}
Event: 3.557 GC heap after
{Heap after GC invocations=5 (full 1):
 PSYoungGen      total 29696K, used 0K [0x00000000eab00000, 0x00000000ecc00000, 0x0000000100000000)
  eden space 25600K, 0% used [0x00000000eab00000,0x00000000eab00000,0x00000000ec400000)
  from space 4096K, 0% used [0x00000000ec800000,0x00000000ec800000,0x00000000ecc00000)
  to   space 4096K, 0% used [0x00000000ec400000,0x00000000ec400000,0x00000000ec800000)
 ParOldGen       total 68608K, used 7870K [0x00000000c0000000, 0x00000000c4300000, 0x00000000eab00000)
  object space 68608K, 11% used [0x00000000c0000000,0x00000000c07afa78,0x00000000c4300000)
 Metaspace       used 21130K, committed 21504K, reserved 1073152K
  class space    used 2148K, committed 2304K, reserved 1048576K
}
Event: 3.848 GC heap before
{Heap before GC invocations=6 (full 1):
 PSYoungGen      total 29696K, used 25600K [0x00000000eab00000, 0x00000000ecc00000, 0x0000000100000000)
  eden space 25600K, 100% used [0x00000000eab00000,0x00000000ec400000,0x00000000ec400000)
  from space 4096K, 0% used [0x00000000ec800000,0x00000000ec800000,0x00000000ecc00000)
  to   space 4096K, 0% used [0x00000000ec400000,0x00000000ec400000,0x00000000ec800000)
 ParOldGen       total 68608K, used 7870K [0x00000000c0000000, 0x00000000c4300000, 0x00000000eab00000)
  object space 68608K, 11% used [0x00000000c0000000,0x00000000c07afa78,0x00000000c4300000)
 Metaspace       used 24132K, committed 24640K, reserved 1073152K
  class space    used 2488K, committed 2688K, reserved 1048576K
}
Event: 3.850 GC heap after
{Heap after GC invocations=6 (full 1):
 PSYoungGen      total 28672K, used 3332K [0x00000000eab00000, 0x00000000ecb80000, 0x0000000100000000)
  eden space 25088K, 0% used [0x00000000eab00000,0x00000000eab00000,0x00000000ec380000)
  from space 3584K, 92% used [0x00000000ec400000,0x00000000ec741340,0x00000000ec780000)
  to   space 4096K, 0% used [0x00000000ec780000,0x00000000ec780000,0x00000000ecb80000)
 ParOldGen       total 68608K, used 7878K [0x00000000c0000000, 0x00000000c4300000, 0x00000000eab00000)
  object space 68608K, 11% used [0x00000000c0000000,0x00000000c07b1a78,0x00000000c4300000)
 Metaspace       used 24132K, committed 24640K, reserved 1073152K
  class space    used 2488K, committed 2688K, reserved 1048576K
}
Event: 4.299 GC heap before
{Heap before GC invocations=7 (full 1):
 PSYoungGen      total 28672K, used 28420K [0x00000000eab00000, 0x00000000ecb80000, 0x0000000100000000)
  eden space 25088K, 100% used [0x00000000eab00000,0x00000000ec380000,0x00000000ec380000)
  from space 3584K, 92% used [0x00000000ec400000,0x00000000ec741340,0x00000000ec780000)
  to   space 4096K, 0% used [0x00000000ec780000,0x00000000ec780000,0x00000000ecb80000)
 ParOldGen       total 68608K, used 7878K [0x00000000c0000000, 0x00000000c4300000, 0x00000000eab00000)
  object space 68608K, 11% used [0x00000000c0000000,0x00000000c07b1a78,0x00000000c4300000)
 Metaspace       used 27808K, committed 28352K, reserved 1081344K
  class space    used 2761K, committed 3008K, reserved 1048576K
}
Event: 4.301 GC heap after
{Heap after GC invocations=7 (full 1):
 PSYoungGen      total 26624K, used 1903K [0x00000000eab00000, 0x00000000ec980000, 0x0000000100000000)
  eden space 24576K, 0% used [0x00000000eab00000,0x00000000eab00000,0x00000000ec300000)
  from space 2048K, 92% used [0x00000000ec780000,0x00000000ec95bd80,0x00000000ec980000)
  to   space 2560K, 0% used [0x00000000ec480000,0x00000000ec480000,0x00000000ec700000)
 ParOldGen       total 68608K, used 7886K [0x00000000c0000000, 0x00000000c4300000, 0x00000000eab00000)
  object space 68608K, 11% used [0x00000000c0000000,0x00000000c07b3a78,0x00000000c4300000)
 Metaspace       used 27808K, committed 28352K, reserved 1081344K
  class space    used 2761K, committed 3008K, reserved 1048576K
}
Event: 4.896 GC heap before
{Heap before GC invocations=8 (full 1):
 PSYoungGen      total 26624K, used 26479K [0x00000000eab00000, 0x00000000ec980000, 0x0000000100000000)
  eden space 24576K, 100% used [0x00000000eab00000,0x00000000ec300000,0x00000000ec300000)
  from space 2048K, 92% used [0x00000000ec780000,0x00000000ec95bd80,0x00000000ec980000)
  to   space 2560K, 0% used [0x00000000ec480000,0x00000000ec480000,0x00000000ec700000)
 ParOldGen       total 68608K, used 7886K [0x00000000c0000000, 0x00000000c4300000, 0x00000000eab00000)
  object space 68608K, 11% used [0x00000000c0000000,0x00000000c07b3a78,0x00000000c4300000)
 Metaspace       used 30799K, committed 31296K, reserved 1081344K
  class space    used 3044K, committed 3264K, reserved 1048576K
}
Event: 4.899 GC heap after
{Heap after GC invocations=8 (full 1):
 PSYoungGen      total 26624K, used 2541K [0x00000000eab00000, 0x00000000ec980000, 0x0000000100000000)
  eden space 24064K, 0% used [0x00000000eab00000,0x00000000eab00000,0x00000000ec280000)
  from space 2560K, 99% used [0x00000000ec480000,0x00000000ec6fb478,0x00000000ec700000)
  to   space 2560K, 0% used [0x00000000ec700000,0x00000000ec700000,0x00000000ec980000)
 ParOldGen       total 68608K, used 8354K [0x00000000c0000000, 0x00000000c4300000, 0x00000000eab00000)
  object space 68608K, 12% used [0x00000000c0000000,0x00000000c0828a98,0x00000000c4300000)
 Metaspace       used 30799K, committed 31296K, reserved 1081344K
  class space    used 3044K, committed 3264K, reserved 1048576K
}
Event: 5.445 GC heap before
{Heap before GC invocations=9 (full 1):
 PSYoungGen      total 26624K, used 26605K [0x00000000eab00000, 0x00000000ec980000, 0x0000000100000000)
  eden space 24064K, 100% used [0x00000000eab00000,0x00000000ec280000,0x00000000ec280000)
  from space 2560K, 99% used [0x00000000ec480000,0x00000000ec6fb478,0x00000000ec700000)
  to   space 2560K, 0% used [0x00000000ec700000,0x00000000ec700000,0x00000000ec980000)
 ParOldGen       total 68608K, used 8354K [0x00000000c0000000, 0x00000000c4300000, 0x00000000eab00000)
  object space 68608K, 12% used [0x00000000c0000000,0x00000000c0828a98,0x00000000c4300000)
 Metaspace       used 34400K, committed 35072K, reserved 1081344K
  class space    used 3511K, committed 3776K, reserved 1048576K
}
Event: 5.447 GC heap after
{Heap after GC invocations=9 (full 1):
 PSYoungGen      total 26112K, used 2552K [0x00000000eab00000, 0x00000000eca00000, 0x0000000100000000)
  eden space 23552K, 0% used [0x00000000eab00000,0x00000000eab00000,0x00000000ec200000)
  from space 2560K, 99% used [0x00000000ec700000,0x00000000ec97e2e0,0x00000000ec980000)
  to   space 4096K, 0% used [0x00000000ec200000,0x00000000ec200000,0x00000000ec600000)
 ParOldGen       total 68608K, used 9350K [0x00000000c0000000, 0x00000000c4300000, 0x00000000eab00000)
  object space 68608K, 13% used [0x00000000c0000000,0x00000000c0921ae8,0x00000000c4300000)
 Metaspace       used 34400K, committed 35072K, reserved 1081344K
  class space    used 3511K, committed 3776K, reserved 1048576K
}
Event: 5.610 GC heap before
{Heap before GC invocations=10 (full 1):
 PSYoungGen      total 26112K, used 9474K [0x00000000eab00000, 0x00000000eca00000, 0x0000000100000000)
  eden space 23552K, 29% used [0x00000000eab00000,0x00000000eb1c2868,0x00000000ec200000)
  from space 2560K, 99% used [0x00000000ec700000,0x00000000ec97e2e0,0x00000000ec980000)
  to   space 4096K, 0% used [0x00000000ec200000,0x00000000ec200000,0x00000000ec600000)
 ParOldGen       total 68608K, used 9350K [0x00000000c0000000, 0x00000000c4300000, 0x00000000eab00000)
  object space 68608K, 13% used [0x00000000c0000000,0x00000000c0921ae8,0x00000000c4300000)
 Metaspace       used 35144K, committed 35840K, reserved 1081344K
  class space    used 3601K, committed 3904K, reserved 1048576K
}
Event: 5.612 GC heap after
{Heap after GC invocations=10 (full 1):
 PSYoungGen      total 25088K, used 1494K [0x00000000eab00000, 0x00000000ec780000, 0x0000000100000000)
  eden space 23552K, 0% used [0x00000000eab00000,0x00000000eab00000,0x00000000ec200000)
  from space 1536K, 97% used [0x00000000ec200000,0x00000000ec3758f0,0x00000000ec380000)
  to   space 2560K, 0% used [0x00000000ec500000,0x00000000ec500000,0x00000000ec780000)
 ParOldGen       total 68608K, used 10759K [0x00000000c0000000, 0x00000000c4300000, 0x00000000eab00000)
  object space 68608K, 15% used [0x00000000c0000000,0x00000000c0a81e18,0x00000000c4300000)
 Metaspace       used 35144K, committed 35840K, reserved 1081344K
  class space    used 3601K, committed 3904K, reserved 1048576K
}
Event: 5.612 GC heap before
{Heap before GC invocations=11 (full 2):
 PSYoungGen      total 25088K, used 1494K [0x00000000eab00000, 0x00000000ec780000, 0x0000000100000000)
  eden space 23552K, 0% used [0x00000000eab00000,0x00000000eab00000,0x00000000ec200000)
  from space 1536K, 97% used [0x00000000ec200000,0x00000000ec3758f0,0x00000000ec380000)
  to   space 2560K, 0% used [0x00000000ec500000,0x00000000ec500000,0x00000000ec780000)
 ParOldGen       total 68608K, used 10759K [0x00000000c0000000, 0x00000000c4300000, 0x00000000eab00000)
  object space 68608K, 15% used [0x00000000c0000000,0x00000000c0a81e18,0x00000000c4300000)
 Metaspace       used 35144K, committed 35840K, reserved 1081344K
  class space    used 3601K, committed 3904K, reserved 1048576K
}
Event: 5.647 GC heap after
{Heap after GC invocations=11 (full 2):
 PSYoungGen      total 25088K, used 0K [0x00000000eab00000, 0x00000000ec780000, 0x0000000100000000)
  eden space 23552K, 0% used [0x00000000eab00000,0x00000000eab00000,0x00000000ec200000)
  from space 1536K, 0% used [0x00000000ec200000,0x00000000ec200000,0x00000000ec380000)
  to   space 2560K, 0% used [0x00000000ec500000,0x00000000ec500000,0x00000000ec780000)
 ParOldGen       total 68608K, used 11895K [0x00000000c0000000, 0x00000000c4300000, 0x00000000eab00000)
  object space 68608K, 17% used [0x00000000c0000000,0x00000000c0b9dd28,0x00000000c4300000)
 Metaspace       used 35144K, committed 35840K, reserved 1081344K
  class space    used 3601K, committed 3904K, reserved 1048576K
}

Dll operation events (12 events):
Event: 0.011 Loaded shared library c:\Users\admin\.vscode\extensions\redhat.java-1.16.0-win32-x64\jre\17.0.6-win32-x86_64\bin\java.dll
Event: 0.512 Loaded shared library c:\Users\admin\.vscode\extensions\redhat.java-1.16.0-win32-x64\jre\17.0.6-win32-x86_64\bin\zip.dll
Event: 0.515 Loaded shared library C:\Users\admin\.vscode\extensions\redhat.java-1.16.0-win32-x64\jre\17.0.6-win32-x86_64\bin\instrument.dll
Event: 0.532 Loaded shared library C:\Users\admin\.vscode\extensions\redhat.java-1.16.0-win32-x64\jre\17.0.6-win32-x86_64\bin\net.dll
Event: 0.534 Loaded shared library C:\Users\admin\.vscode\extensions\redhat.java-1.16.0-win32-x64\jre\17.0.6-win32-x86_64\bin\nio.dll
Event: 0.565 Loaded shared library C:\Users\admin\.vscode\extensions\redhat.java-1.16.0-win32-x64\jre\17.0.6-win32-x86_64\bin\zip.dll
Event: 0.590 Loaded shared library C:\Users\admin\.vscode\extensions\redhat.java-1.16.0-win32-x64\jre\17.0.6-win32-x86_64\bin\jimage.dll
Event: 0.716 Loaded shared library c:\Users\admin\.vscode\extensions\redhat.java-1.16.0-win32-x64\jre\17.0.6-win32-x86_64\bin\verify.dll
Event: 2.507 Loaded shared library C:\Users\admin\AppData\Roaming\Code\User\globalStorage\redhat.java\1.16.0\config_win\org.eclipse.equinox.launcher\org.eclipse.equinox.launcher.win32.win32.x86_64_1.2.700.v20221108-1024\eclipse_11801.dll
Event: 3.375 Loaded shared library C:\Users\admin\.vscode\extensions\redhat.java-1.16.0-win32-x64\jre\17.0.6-win32-x86_64\bin\management.dll
Event: 3.380 Loaded shared library C:\Users\admin\.vscode\extensions\redhat.java-1.16.0-win32-x64\jre\17.0.6-win32-x86_64\bin\management_ext.dll
Event: 5.175 Loaded shared library C:\Users\admin\AppData\Local\Temp\jna--315383366\jna3163088699396498010.dll

Deoptimization events (20 events):
Event: 5.784 Thread 0x000001d5066a1230 DEOPT PACKING pc=0x000001d510f17c20 sp=0x0000004c078fa3b0
Event: 5.784 Thread 0x000001d5066a1230 DEOPT UNPACKING pc=0x000001d5108b66a3 sp=0x0000004c078fa370 mode 2
Event: 5.787 Thread 0x000001d5066a1230 DEOPT PACKING pc=0x000001d510f47ba0 sp=0x0000004c078fc920
Event: 5.787 Thread 0x000001d5066a1230 DEOPT UNPACKING pc=0x000001d5108b6e43 sp=0x0000004c078fbea8 mode 0
Event: 5.898 Thread 0x000001d5066a1230 Uncommon trap: trap_request=0xffffffde fr.pc=0x000001d510f84fa8 relative=0x00000000000017a8
Event: 5.898 Thread 0x000001d5066a1230 Uncommon trap: reason=class_check action=maybe_recompile pc=0x000001d510f84fa8 method=org.eclipse.osgi.internal.loader.classpath.ClasspathEntry.findEntry(Ljava/lang/String;)Lorg/eclipse/osgi/storage/bundlefile/BundleEntry; @ 4 c2
Event: 5.898 Thread 0x000001d5066a1230 DEOPT PACKING pc=0x000001d510f84fa8 sp=0x0000004c078fd360
Event: 5.898 Thread 0x000001d5066a1230 DEOPT UNPACKING pc=0x000001d5108b66a3 sp=0x0000004c078fd3a8 mode 2
Event: 5.900 Thread 0x000001d5066a1230 Uncommon trap: trap_request=0xffffffde fr.pc=0x000001d510f84fa8 relative=0x00000000000017a8
Event: 5.900 Thread 0x000001d5066a1230 Uncommon trap: reason=class_check action=maybe_recompile pc=0x000001d510f84fa8 method=org.eclipse.osgi.internal.loader.classpath.ClasspathEntry.findEntry(Ljava/lang/String;)Lorg/eclipse/osgi/storage/bundlefile/BundleEntry; @ 4 c2
Event: 5.900 Thread 0x000001d5066a1230 DEOPT PACKING pc=0x000001d510f84fa8 sp=0x0000004c078f9d10
Event: 5.900 Thread 0x000001d5066a1230 DEOPT UNPACKING pc=0x000001d5108b66a3 sp=0x0000004c078f9d58 mode 2
Event: 5.901 Thread 0x000001d5066a1230 Uncommon trap: trap_request=0xffffffde fr.pc=0x000001d510f84fa8 relative=0x00000000000017a8
Event: 5.901 Thread 0x000001d5066a1230 Uncommon trap: reason=class_check action=maybe_recompile pc=0x000001d510f84fa8 method=org.eclipse.osgi.internal.loader.classpath.ClasspathEntry.findEntry(Ljava/lang/String;)Lorg/eclipse/osgi/storage/bundlefile/BundleEntry; @ 4 c2
Event: 5.901 Thread 0x000001d5066a1230 DEOPT PACKING pc=0x000001d510f84fa8 sp=0x0000004c078fcf90
Event: 5.901 Thread 0x000001d5066a1230 DEOPT UNPACKING pc=0x000001d5108b66a3 sp=0x0000004c078fcfd8 mode 2
Event: 5.902 Thread 0x000001d5066a1230 Uncommon trap: trap_request=0xffffffde fr.pc=0x000001d510f84fa8 relative=0x00000000000017a8
Event: 5.902 Thread 0x000001d5066a1230 Uncommon trap: reason=class_check action=maybe_recompile pc=0x000001d510f84fa8 method=org.eclipse.osgi.internal.loader.classpath.ClasspathEntry.findEntry(Ljava/lang/String;)Lorg/eclipse/osgi/storage/bundlefile/BundleEntry; @ 4 c2
Event: 5.902 Thread 0x000001d5066a1230 DEOPT PACKING pc=0x000001d510f84fa8 sp=0x0000004c078f98c0
Event: 5.902 Thread 0x000001d5066a1230 DEOPT UNPACKING pc=0x000001d5108b66a3 sp=0x0000004c078f9908 mode 2

Classes unloaded (7 events):
Event: 3.532 Thread 0x000001d51a4a7820 Unloading class 0x0000000100218400 'java/lang/invoke/LambdaForm$MH+0x0000000100218400'
Event: 3.532 Thread 0x000001d51a4a7820 Unloading class 0x0000000100218000 'java/lang/invoke/LambdaForm$MH+0x0000000100218000'
Event: 3.532 Thread 0x000001d51a4a7820 Unloading class 0x0000000100217c00 'java/lang/invoke/LambdaForm$MH+0x0000000100217c00'
Event: 3.532 Thread 0x000001d51a4a7820 Unloading class 0x0000000100217800 'java/lang/invoke/LambdaForm$MH+0x0000000100217800'
Event: 3.532 Thread 0x000001d51a4a7820 Unloading class 0x0000000100217000 'java/lang/invoke/LambdaForm$BMH+0x0000000100217000'
Event: 3.532 Thread 0x000001d51a4a7820 Unloading class 0x0000000100216c00 'java/lang/invoke/LambdaForm$DMH+0x0000000100216c00'
Event: 3.532 Thread 0x000001d51a4a7820 Unloading class 0x0000000100214000 'java/lang/invoke/LambdaForm$DMH+0x0000000100214000'

Classes redefined (0 events):
No events

Internal exceptions (20 events):
Event: 4.782 Thread 0x000001d51d64e860 Exception <a 'sun/nio/fs/WindowsException'{0x00000000ebcfb8f8}> (0x00000000ebcfb8f8) 
thrown [s\src\hotspot\share\prims\jni.cpp, line 516]
Event: 4.782 Thread 0x000001d51d64e860 Exception <a 'sun/nio/fs/WindowsException'{0x00000000ebcfbdc8}> (0x00000000ebcfbdc8) 
thrown [s\src\hotspot\share\prims\jni.cpp, line 516]
Event: 4.782 Thread 0x000001d51d64e860 Exception <a 'sun/nio/fs/WindowsException'{0x00000000ebcfcb08}> (0x00000000ebcfcb08) 
thrown [s\src\hotspot\share\prims\jni.cpp, line 516]
Event: 4.825 Thread 0x000001d51d64e860 Exception <a 'sun/nio/fs/WindowsException'{0x00000000ebe6e6f8}> (0x00000000ebe6e6f8) 
thrown [s\src\hotspot\share\prims\jni.cpp, line 516]
Event: 4.825 Thread 0x000001d51d64e860 Exception <a 'sun/nio/fs/WindowsException'{0x00000000ebe6ec98}> (0x00000000ebe6ec98) 
thrown [s\src\hotspot\share\prims\jni.cpp, line 516]
Event: 4.922 Thread 0x000001d51d64e860 Exception <a 'java/lang/ClassNotFoundException'{0x00000000eac99810}: com/sun/org/apache/xml/internal/serializer/spi/XMLEntitiesProvider> (0x00000000eac99810) 
thrown [s\src\hotspot\share\classfile\systemDictionary.cpp, line 256]
Event: 5.076 Thread 0x000001d51d64e860 Exception <a 'java/io/FileNotFoundException'{0x00000000eb5bcf38}> (0x00000000eb5bcf38) 
thrown [s\src\hotspot\share\prims\jni.cpp, line 516]
Event: 5.192 Thread 0x000001d51d9fa460 Exception <a 'java/lang/NoClassDefFoundError'{0x00000000ebb5d920}: javax/enterprise/inject/Typed> (0x00000000ebb5d920) 
thrown [s\src\hotspot\share\classfile\systemDictionary.cpp, line 245]
Event: 5.228 Thread 0x000001d51d64e860 Exception <a 'java/lang/UnsatisfiedLinkError'{0x00000000ebcfca48}: The specified procedure could not be found.
> (0x00000000ebcfca48) 
thrown [s\src\hotspot\share\prims\jni.cpp, line 535]
Event: 5.303 Thread 0x000001d51d64e860 Exception <a 'java/io/FileNotFoundException'{0x00000000ebd1fb30}> (0x00000000ebd1fb30) 
thrown [s\src\hotspot\share\prims\jni.cpp, line 516]
Event: 5.321 Thread 0x000001d51d64e860 Exception <a 'java/io/FileNotFoundException'{0x00000000ebe2f998}> (0x00000000ebe2f998) 
thrown [s\src\hotspot\share\prims\jni.cpp, line 516]
Event: 5.347 Thread 0x000001d51d64e860 Exception <a 'java/lang/UnsatisfiedLinkError'{0x00000000ebf62058}: The specified procedure could not be found.
> (0x00000000ebf62058) 
thrown [s\src\hotspot\share\prims\jni.cpp, line 535]
Event: 5.456 Thread 0x000001d5066a1230 Exception <a 'sun/nio/fs/WindowsException'{0x00000000eabcff60}> (0x00000000eabcff60) 
thrown [s\src\hotspot\share\prims\jni.cpp, line 516]
Event: 5.457 Thread 0x000001d5066a1230 Exception <a 'sun/nio/fs/WindowsException'{0x00000000eabd7498}> (0x00000000eabd7498) 
thrown [s\src\hotspot\share\prims\jni.cpp, line 516]
Event: 5.457 Thread 0x000001d5066a1230 Exception <a 'sun/nio/fs/WindowsException'{0x00000000eabd7a68}> (0x00000000eabd7a68) 
thrown [s\src\hotspot\share\prims\jni.cpp, line 516]
Event: 5.488 Thread 0x000001d5066a1230 Exception <a 'java/io/FileNotFoundException'{0x00000000ead730d0}> (0x00000000ead730d0) 
thrown [s\src\hotspot\share\prims\jni.cpp, line 516]
Event: 5.651 Thread 0x000001d5066a1230 Exception <a 'java/lang/NoSuchMethodError'{0x00000000eab440e0}: 'java.lang.Object java.lang.invoke.DirectMethodHandle$Holder.invokeStatic(java.lang.Object, java.lang.Object, long, java.lang.Object)'> (0x00000000eab440e0) 
thrown [s\src\hotspot\share\interpreter\linkResolver.cpp, line 759]
Event: 5.651 Thread 0x000001d5066a1230 Exception <a 'java/lang/NoSuchMethodError'{0x00000000eab47b78}: 'java.lang.Object java.lang.invoke.DirectMethodHandle$Holder.invokeStaticInit(java.lang.Object, java.lang.Object, long, java.lang.Object)'> (0x00000000eab47b78) 
thrown [s\src\hotspot\share\interpreter\linkResolver.cpp, line 759]
Event: 5.652 Thread 0x000001d5066a1230 Exception <a 'java/lang/NoSuchMethodError'{0x00000000eab710b0}: 'java.lang.Object java.lang.invoke.DirectMethodHandle$Holder.newInvokeSpecial(java.lang.Object, java.lang.Object, long)'> (0x00000000eab710b0) 
thrown [s\src\hotspot\share\interpreter\linkResolver.cpp, line 759]
Event: 5.652 Thread 0x000001d5066a1230 Exception <a 'java/lang/NoSuchMethodError'{0x00000000eab74af0}: 'java.lang.Object java.lang.invoke.Invokers$Holder.linkToTargetMethod(java.lang.Object, long, java.lang.Object)'> (0x00000000eab74af0) 
thrown [s\src\hotspot\share\interpreter\linkResolver.cpp, line 759]

VM Operations (20 events):
Event: 4.896 Executing VM operation: ParallelGCFailedAllocation
Event: 4.899 Executing VM operation: ParallelGCFailedAllocation done
Event: 4.986 Executing VM operation: HandshakeAllThreads
Event: 4.987 Executing VM operation: HandshakeAllThreads done
Event: 5.037 Executing VM operation: HandshakeAllThreads
Event: 5.037 Executing VM operation: HandshakeAllThreads done
Event: 5.162 Executing VM operation: HandshakeAllThreads
Event: 5.162 Executing VM operation: HandshakeAllThreads done
Event: 5.211 Executing VM operation: HandshakeAllThreads
Event: 5.211 Executing VM operation: HandshakeAllThreads done
Event: 5.290 Executing VM operation: HandshakeAllThreads
Event: 5.292 Executing VM operation: HandshakeAllThreads done
Event: 5.445 Executing VM operation: ParallelGCFailedAllocation
Event: 5.447 Executing VM operation: ParallelGCFailedAllocation done
Event: 5.610 Executing VM operation: CollectForMetadataAllocation
Event: 5.647 Executing VM operation: CollectForMetadataAllocation done
Event: 5.784 Executing VM operation: HandshakeAllThreads
Event: 5.784 Executing VM operation: HandshakeAllThreads done
Event: 5.798 Executing VM operation: HandshakeAllThreads
Event: 5.799 Executing VM operation: HandshakeAllThreads done

Events (20 events):
Event: 5.685 loading class sun/reflect/generics/repository/MethodRepository
Event: 5.685 loading class sun/reflect/generics/repository/ConstructorRepository
Event: 5.686 loading class sun/reflect/generics/repository/ConstructorRepository done
Event: 5.686 loading class sun/reflect/generics/repository/MethodRepository done
Event: 5.686 loading class sun/reflect/generics/tree/MethodTypeSignature
Event: 5.686 loading class sun/reflect/generics/tree/MethodTypeSignature done
Event: 5.731 loading class java/lang/Deprecated
Event: 5.731 loading class java/lang/Deprecated done
Event: 5.732 loading class jdk/internal/vm/annotation/IntrinsicCandidate
Event: 5.732 loading class jdk/internal/vm/annotation/IntrinsicCandidate done
Event: 5.788 loading class sun/reflect/generics/tree/BottomSignature
Event: 5.789 loading class sun/reflect/generics/tree/BottomSignature done
Event: 5.789 loading class sun/reflect/generics/tree/Wildcard
Event: 5.789 loading class sun/reflect/generics/tree/Wildcard done
Event: 5.790 loading class sun/reflect/generics/reflectiveObjects/WildcardTypeImpl
Event: 5.790 loading class sun/reflect/generics/reflectiveObjects/WildcardTypeImpl done
Event: 5.869 loading class sun/reflect/generics/tree/ArrayTypeSignature
Event: 5.869 loading class sun/reflect/generics/tree/ArrayTypeSignature done
Event: 5.871 loading class sun/reflect/generics/tree/BooleanSignature
Event: 5.871 loading class sun/reflect/generics/tree/BooleanSignature done


Dynamic libraries:
0x00007ff775f40000 - 0x00007ff775f4e000 	c:\Users\admin\.vscode\extensions\redhat.java-1.16.0-win32-x64\jre\17.0.6-win32-x86_64\bin\java.exe
0x00007ffaedad0000 - 0x00007ffaedcc8000 	C:\Windows\SYSTEM32\ntdll.dll
0x00007ffaec330000 - 0x00007ffaec3ef000 	C:\Windows\System32\KERNEL32.DLL
0x00007ffaeb4b0000 - 0x00007ffaeb782000 	C:\Windows\System32\KERNELBASE.dll
0x00007ffaeb3b0000 - 0x00007ffaeb4b0000 	C:\Windows\System32\ucrtbase.dll
0x00007ffae6530000 - 0x00007ffae6547000 	c:\Users\admin\.vscode\extensions\redhat.java-1.16.0-win32-x64\jre\17.0.6-win32-x86_64\bin\jli.dll
0x00007ffaed770000 - 0x00007ffaed911000 	C:\Windows\System32\USER32.dll
0x00007ffaebac0000 - 0x00007ffaebae2000 	C:\Windows\System32\win32u.dll
0x00007ffaec6f0000 - 0x00007ffaec71b000 	C:\Windows\System32\GDI32.dll
0x00007ffaeb790000 - 0x00007ffaeb89f000 	C:\Windows\System32\gdi32full.dll
0x00007ffaeb280000 - 0x00007ffaeb31d000 	C:\Windows\System32\msvcp_win.dll
0x00007ffae5910000 - 0x00007ffae5929000 	c:\Users\admin\.vscode\extensions\redhat.java-1.16.0-win32-x64\jre\17.0.6-win32-x86_64\bin\VCRUNTIME140.dll
0x00007ffad6360000 - 0x00007ffad65fa000 	C:\Windows\WinSxS\amd64_microsoft.windows.common-controls_6595b64144ccf1df_6.0.19041.1110_none_60b5254171f9507e\COMCTL32.dll
0x00007ffaebb20000 - 0x00007ffaebbbe000 	C:\Windows\System32\msvcrt.dll
0x00007ffaebbd0000 - 0x00007ffaebc00000 	C:\Windows\System32\IMM32.DLL
0x00007ffae7950000 - 0x00007ffae795c000 	c:\Users\admin\.vscode\extensions\redhat.java-1.16.0-win32-x64\jre\17.0.6-win32-x86_64\bin\vcruntime140_1.dll
0x00007ffac3840000 - 0x00007ffac38d1000 	c:\Users\admin\.vscode\extensions\redhat.java-1.16.0-win32-x64\jre\17.0.6-win32-x86_64\bin\msvcp140.dll
0x00007ffabb9d0000 - 0x00007ffabc617000 	c:\Users\admin\.vscode\extensions\redhat.java-1.16.0-win32-x64\jre\17.0.6-win32-x86_64\bin\server\jvm.dll
0x00007ffaec640000 - 0x00007ffaec6ee000 	C:\Windows\System32\ADVAPI32.dll
0x00007ffaec520000 - 0x00007ffaec5bc000 	C:\Windows\System32\sechost.dll
0x00007ffaed3e0000 - 0x00007ffaed504000 	C:\Windows\System32\RPCRT4.dll
0x00007ffae65a0000 - 0x00007ffae65a9000 	C:\Windows\SYSTEM32\WSOCK32.dll
0x00007ffaec840000 - 0x00007ffaec8ab000 	C:\Windows\System32\WS2_32.dll
0x00007ffaccbf0000 - 0x00007ffaccc17000 	C:\Windows\SYSTEM32\WINMM.dll
0x00007ffad8070000 - 0x00007ffad807a000 	C:\Windows\SYSTEM32\VERSION.dll
0x00007ffae9270000 - 0x00007ffae9282000 	C:\Windows\SYSTEM32\kernel.appcore.dll
0x00007ffae6520000 - 0x00007ffae652a000 	c:\Users\admin\.vscode\extensions\redhat.java-1.16.0-win32-x64\jre\17.0.6-win32-x86_64\bin\jimage.dll
0x00007ffae8e20000 - 0x00007ffae9004000 	C:\Windows\SYSTEM32\DBGHELP.DLL
0x00007ffad6af0000 - 0x00007ffad6b25000 	C:\Windows\SYSTEM32\dbgcore.DLL
0x00007ffaeb320000 - 0x00007ffaeb3a2000 	C:\Windows\System32\bcryptPrimitives.dll
0x00007ffae6500000 - 0x00007ffae650e000 	c:\Users\admin\.vscode\extensions\redhat.java-1.16.0-win32-x64\jre\17.0.6-win32-x86_64\bin\instrument.dll
0x00007ffae1570000 - 0x00007ffae1595000 	c:\Users\admin\.vscode\extensions\redhat.java-1.16.0-win32-x64\jre\17.0.6-win32-x86_64\bin\java.dll
0x00007ffae52c0000 - 0x00007ffae52d8000 	c:\Users\admin\.vscode\extensions\redhat.java-1.16.0-win32-x64\jre\17.0.6-win32-x86_64\bin\zip.dll
0x00007ffaecc90000 - 0x00007ffaed3d5000 	C:\Windows\System32\SHELL32.dll
0x00007ffae9290000 - 0x00007ffae9a22000 	C:\Windows\SYSTEM32\windows.storage.dll
0x00007ffaec8d0000 - 0x00007ffaecc25000 	C:\Windows\System32\combase.dll
0x00007ffaeac30000 - 0x00007ffaeac60000 	C:\Windows\SYSTEM32\Wldp.dll
0x00007ffaed510000 - 0x00007ffaed5bd000 	C:\Windows\System32\SHCORE.dll
0x00007ffaecc30000 - 0x00007ffaecc85000 	C:\Windows\System32\shlwapi.dll
0x00007ffaeb110000 - 0x00007ffaeb12f000 	C:\Windows\SYSTEM32\profapi.dll
0x00007ffae5330000 - 0x00007ffae5349000 	C:\Users\admin\.vscode\extensions\redhat.java-1.16.0-win32-x64\jre\17.0.6-win32-x86_64\bin\net.dll
0x00007ffae2960000 - 0x00007ffae2a6a000 	C:\Windows\SYSTEM32\WINHTTP.dll
0x00007ffaea990000 - 0x00007ffaea9fa000 	C:\Windows\system32\mswsock.dll
0x00007ffadf030000 - 0x00007ffadf045000 	C:\Users\admin\.vscode\extensions\redhat.java-1.16.0-win32-x64\jre\17.0.6-win32-x86_64\bin\nio.dll
0x00007ffae5900000 - 0x00007ffae5910000 	c:\Users\admin\.vscode\extensions\redhat.java-1.16.0-win32-x64\jre\17.0.6-win32-x86_64\bin\verify.dll
0x00007ffaded60000 - 0x00007ffaded9e000 	C:\Users\admin\AppData\Roaming\Code\User\globalStorage\redhat.java\1.16.0\config_win\org.eclipse.equinox.launcher\org.eclipse.equinox.launcher.win32.win32.x86_64_1.2.700.v20221108-1024\eclipse_11801.dll
0x00007ffaec0d0000 - 0x00007ffaec1fa000 	C:\Windows\System32\ole32.dll
0x00007ffae4fd0000 - 0x00007ffae4fd9000 	C:\Users\admin\.vscode\extensions\redhat.java-1.16.0-win32-x64\jre\17.0.6-win32-x86_64\bin\management.dll
0x00007ffae4fc0000 - 0x00007ffae4fcb000 	C:\Users\admin\.vscode\extensions\redhat.java-1.16.0-win32-x64\jre\17.0.6-win32-x86_64\bin\management_ext.dll
0x00007ffaec630000 - 0x00007ffaec638000 	C:\Windows\System32\PSAPI.DLL
0x00007ffaeab80000 - 0x00007ffaeab98000 	C:\Windows\SYSTEM32\CRYPTSP.dll
0x00007ffaea240000 - 0x00007ffaea274000 	C:\Windows\system32\rsaenh.dll
0x00007ffaebaf0000 - 0x00007ffaebb17000 	C:\Windows\System32\bcrypt.dll
0x00007ffaeb0d0000 - 0x00007ffaeb0fe000 	C:\Windows\SYSTEM32\USERENV.dll
0x00007ffaeaba0000 - 0x00007ffaeabac000 	C:\Windows\SYSTEM32\CRYPTBASE.dll
0x00007ffaea630000 - 0x00007ffaea66b000 	C:\Windows\SYSTEM32\IPHLPAPI.DLL
0x00007ffaebbc0000 - 0x00007ffaebbc8000 	C:\Windows\System32\NSI.dll
0x00007ffae2e90000 - 0x00007ffae2ea7000 	C:\Windows\SYSTEM32\dhcpcsvc6.DLL
0x00007ffae3cf0000 - 0x00007ffae3d0d000 	C:\Windows\SYSTEM32\dhcpcsvc.DLL
0x00007ffaea670000 - 0x00007ffaea73b000 	C:\Windows\SYSTEM32\DNSAPI.dll
0x00007ffad9d60000 - 0x00007ffad9da5000 	C:\Users\admin\AppData\Local\Temp\jna--315383366\jna3163088699396498010.dll

dbghelp: loaded successfully - version: 4.0.5 - missing functions: none
symbol engine: initialized successfully - sym options: 0x614 - pdb path: .;c:\Users\admin\.vscode\extensions\redhat.java-1.16.0-win32-x64\jre\17.0.6-win32-x86_64\bin;C:\Windows\SYSTEM32;C:\Windows\WinSxS\amd64_microsoft.windows.common-controls_6595b64144ccf1df_6.0.19041.1110_none_60b5254171f9507e;c:\Users\admin\.vscode\extensions\redhat.java-1.16.0-win32-x64\jre\17.0.6-win32-x86_64\bin\server;C:\Users\admin\AppData\Roaming\Code\User\globalStorage\redhat.java\1.16.0\config_win\org.eclipse.equinox.launcher\org.eclipse.equinox.launcher.win32.win32.x86_64_1.2.700.v20221108-1024;C:\Users\admin\AppData\Local\Temp\jna--315383366

VM Arguments:
jvm_args: --add-modules=ALL-SYSTEM --add-opens=java.base/java.util=ALL-UNNAMED --add-opens=java.base/java.lang=ALL-UNNAMED --add-opens=java.base/sun.nio.fs=ALL-UNNAMED -Declipse.application=org.eclipse.jdt.ls.core.id1 -Dosgi.bundles.defaultStartLevel=4 -Declipse.product=org.eclipse.jdt.ls.core.product -Djava.import.generatesMetadataFilesAtProjectRoot=false -Dfile.encoding=utf8 -XX:+UseParallelGC -XX:GCTimeRatio=4 -XX:AdaptiveSizePolicyWeight=90 -Dsun.zip.disableMemoryMapping=true -Xmx1G -Xms100m -Xlog:disable -javaagent:c:\Users\admin\.vscode\extensions\redhat.java-1.16.0-win32-x64\lombok\lombok-1.18.24.jar -XX:+HeapDumpOnOutOfMemoryError -XX:HeapDumpPath=c:\Users\admin\AppData\Roaming\Code\User\workspaceStorage\6f5dfa2300879834486fedabf988c36a\redhat.java 
java_command: c:\Users\admin\.vscode\extensions\redhat.java-1.16.0-win32-x64\server\plugins\org.eclipse.equinox.launcher_1.6.400.v20210924-0641.jar -configuration c:\Users\admin\AppData\Roaming\Code\User\globalStorage\redhat.java\1.16.0\config_win -data c:\Users\admin\AppData\Roaming\Code\User\workspaceStorage\6f5dfa2300879834486fedabf988c36a\redhat.java\jdt_ws
java_class_path (initial): c:\Users\admin\.vscode\extensions\redhat.java-1.16.0-win32-x64\server\plugins\org.eclipse.equinox.launcher_1.6.400.v20210924-0641.jar
Launcher Type: SUN_STANDARD

[Global flags]
    uintx AdaptiveSizePolicyWeight                 = 90                                        {product} {command line}
     intx CICompilerCount                          = 3                                         {product} {ergonomic}
    uintx GCTimeRatio                              = 4                                         {product} {command line}
     bool HeapDumpOnOutOfMemoryError               = true                                   {manageable} {command line}
    ccstr HeapDumpPath                             = c:\Users\admin\AppData\Roaming\Code\User\workspaceStorage\6f5dfa2300879834486fedabf988c36a\redhat.java         {manageable} {command line}
   size_t InitialHeapSize                          = 104857600                                 {product} {command line}
   size_t MaxHeapSize                              = 1073741824                                {product} {command line}
   size_t MaxNewSize                               = 357564416                                 {product} {ergonomic}
   size_t MinHeapDeltaBytes                        = 524288                                    {product} {ergonomic}
   size_t MinHeapSize                              = 104857600                                 {product} {command line}
   size_t NewSize                                  = 34603008                                  {product} {ergonomic}
    uintx NonNMethodCodeHeapSize                   = 5832780                                {pd product} {ergonomic}
    uintx NonProfiledCodeHeapSize                  = 122912730                              {pd product} {ergonomic}
   size_t OldSize                                  = 70254592                                  {product} {ergonomic}
    uintx ProfiledCodeHeapSize                     = 122912730                              {pd product} {ergonomic}
    uintx ReservedCodeCacheSize                    = 251658240                              {pd product} {ergonomic}
     bool SegmentedCodeCache                       = true                                      {product} {ergonomic}
   size_t SoftMaxHeapSize                          = 1073741824                             {manageable} {ergonomic}
     bool UseCompressedClassPointers               = true                           {product lp64_product} {ergonomic}
     bool UseCompressedOops                        = true                           {product lp64_product} {ergonomic}
     bool UseLargePagesIndividualAllocation        = false                                  {pd product} {ergonomic}
     bool UseParallelGC                            = true                                      {product} {command line}

Logging:
Log output configuration:
 #0: stdout all=off uptime,level,tags
 #1: stderr all=off uptime,level,tags

Environment Variables:
PATH=C:\Program Files\Common Files\Oracle\Java\javapath;C:\Program Files\Microsoft\jdk-11.0.16.101-hotspot\bin;C:\Program Files (x86)\Intel\iCLS Client\;C:\Program Files\Intel\iCLS Client\;C:\Windows\system32;C:\Windows;C:\Windows\System32\Wbem;C:\Windows\System32\WindowsPowerShell\v1.0\;C:\Windows\System32\OpenSSH\;C:\Program Files (x86)\Intel\Intel(R) Management Engine Components\DAL;C:\Program Files\Intel\Intel(R) Management Engine Components\DAL;C:\Program Files (x86)\Intel\Intel(R) Management Engine Components\IPT;C:\Program Files\Intel\Intel(R) Management Engine Components\IPT;E:\ApplicationApp\Git\cmd;C:\Program Files\Microsoft SQL Server\150\Tools\Binn\;C:\Program Files\Microsoft SQL Server\130\Tools\Binn\;C:\xampp\mysql\bin;C:\Program Files\Microsoft SQL Server\Client SDK\ODBC\170\Tools\Binn\;C:\Program Files\dotnet\;C:\Program Files\MySQL\MySQL Shell 8.0\bin\;C:\Users\admin\AppData\Local\Microsoft\WindowsApps;C:\Users\admin\AppData\Local\Programs\Microsoft VS Code\bin;C:\Users\admin\.dotnet\tools;C:\msys64\mingw64\bin;
USERNAME=Line's laptop
OS=Windows_NT
PROCESSOR_IDENTIFIER=Intel64 Family 6 Model 142 Stepping 10, GenuineIntel
TMP=C:\Users\admin\AppData\Local\Temp
TEMP=C:\Users\admin\AppData\Local\Temp



---------------  S Y S T E M  ---------------

OS:
 Windows 10 , 64 bit Build 19041 (10.0.19041.2546)
OS uptime: 0 days 19:51 hours

CPU: total 4 (initial active 4) (2 cores per cpu, 2 threads per core) family 6 model 142 stepping 10 microcode 0xb4, cx8, cmov, fxsr, ht, mmx, 3dnowpref, sse, sse2, sse3, ssse3, sse4.1, sse4.2, popcnt, lzcnt, tsc, tscinvbit, avx, avx2, aes, erms, clmul, bmi1, bmi2, adx, fma, vzeroupper, clflush, clflushopt

Memory: 4k page, system-wide physical 8071M (899M free)
TotalPageFile size 8071M (AvailPageFile size 2M)
current process WorkingSet (physical memory assigned to process): 173M, peak: 173M
current process commit charge ("private bytes"): 260M, peak: 261M

vm_info: OpenJDK 64-Bit Server VM (17.0.6+10) for windows-amd64 JRE (17.0.6+10), built on Jan 18 2023 10:08:59 by "temurin" with MS VC++ 16.7 (VS2019)

END.
